<?xml version="1.0" encoding="UTF-8"?>
<!-- Generated by org.testng.reporters.JUnitReportReporter -->
<testsuite hostname="Chandramohan-PC" failures="0" tests="1" name="automation.pvr.test.PassportPageTest" time="34.868" errors="0" timestamp="2025-01-10T12:56:51 IST" skipped="0">
  <testcase classname="automation.pvr.test.PassportPageTest" name="validatePassportPageTest" time="34.868"/>
</testsuite> <!-- automation.pvr.test.PassportPageTest -->
